<?xml version="1.0" encoding="utf-8"?><testsuites name="pytest tests"><testsuite name="pytest" errors="0" failures="0" skipped="0" tests="26" time="5.432" timestamp="2026-04-30T14:58:46.870804+00:00" hostname="agent-env-85467f46-a54d-454b-89d7-5f2df061cd09"><testcase classname="backend.tests.backend_test.TestAuth" name="test_me_authenticated" time="0.158" /><testcase classname="backend.tests.backend_test.TestAuth" name="test_me_unauthenticated" time="0.130" /><testcase classname="backend.tests.backend_test.TestAuth" name="test_me_invalid_token" time="0.126" /><testcase classname="backend.tests.backend_test.TestDashboard" name="test_stats" time="0.118" /><testcase classname="backend.tests.backend_test.TestMasjid" name="test_list_masjids" time="0.109" /><testcase classname="backend.tests.backend_test.TestMasjid" name="test_create_get_update_delete" time="0.787" /><testcase classname="backend.tests.backend_test.TestMasjid" name="test_get_seeded_masjid" time="0.116" /><testcase classname="backend.tests.backend_test.TestWaqthCharts" name="test_list_charts" time="0.112" /><testcase classname="backend.tests.backend_test.TestWaqthCharts" name="test_create_and_delete_chart" time="0.329" /><testcase classname="backend.tests.backend_test.TestSalahConfig" name="test_get_seeded_config" time="0.123" /><testcase classname="backend.tests.backend_test.TestSalahConfig" name="test_create_config_upsert" time="0.407" /><testcase classname="backend.tests.backend_test.TestGenerateSalah" name="test_generate" time="0.120" /><testcase classname="backend.tests.backend_test.TestGenerateSalah" name="test_generate_missing_config" time="0.161" /><testcase classname="backend.tests.backend_test.TestExports" name="test_export_csv" time="0.140" /><testcase classname="backend.tests.backend_test.TestExports" name="test_export_excel" time="0.145" /><testcase classname="backend.tests.backend_test.TestExports" name="test_export_pdf" time="0.110" /><testcase classname="backend.tests.test_new_features.TestPeriodFormatParsing" name="test_generate_with_period_format_chart" time="0.265" /><testcase classname="backend.tests.test_new_features.TestPeriodFormatParsing" name="test_all_times_hhmm_format" time="0.269" /><testcase classname="backend.tests.test_new_features.TestWaqthChartDetail" name="test_get_period_chart" time="0.103" /><testcase classname="backend.tests.test_new_features.TestWaqthChartDetail" name="test_get_nonexistent_chart_404" time="0.106" /><testcase classname="backend.tests.test_new_features.TestMasjidEditNewFields" name="test_create_with_new_fields" time="0.598" /><testcase classname="backend.tests.test_new_features.TestMasjidEditNewFields" name="test_optional_fields_default_empty" time="0.275" /><testcase classname="backend.tests.test_new_features.TestExportsBinary" name="test_csv_download" time="0.131" /><testcase classname="backend.tests.test_new_features.TestExportsBinary" name="test_excel_download" time="0.122" /><testcase classname="backend.tests.test_new_features.TestExportsBinary" name="test_pdf_download" time="0.148" /><testcase classname="backend.tests.test_new_features.TestExportsBinary" name="test_cors_expose_headers_content_disposition" time="0.118" /></testsuite></testsuites>