<?xml version="1.0" encoding="utf-8"?><testsuites name="pytest tests"><testsuite name="pytest" errors="0" failures="0" skipped="0" tests="16" time="3.648" timestamp="2026-04-30T14:06:57.295720+00:00" hostname="agent-env-85467f46-a54d-454b-89d7-5f2df061cd09"><testcase classname="backend.tests.backend_test.TestAuth" name="test_me_authenticated" time="0.257" /><testcase classname="backend.tests.backend_test.TestAuth" name="test_me_unauthenticated" time="0.122" /><testcase classname="backend.tests.backend_test.TestAuth" name="test_me_invalid_token" time="0.112" /><testcase classname="backend.tests.backend_test.TestDashboard" name="test_stats" time="0.134" /><testcase classname="backend.tests.backend_test.TestMasjid" name="test_list_masjids" time="0.112" /><testcase classname="backend.tests.backend_test.TestMasjid" name="test_create_get_update_delete" time="0.783" /><testcase classname="backend.tests.backend_test.TestMasjid" name="test_get_seeded_masjid" time="0.111" /><testcase classname="backend.tests.backend_test.TestWaqthCharts" name="test_list_charts" time="0.163" /><testcase classname="backend.tests.backend_test.TestWaqthCharts" name="test_create_and_delete_chart" time="0.413" /><testcase classname="backend.tests.backend_test.TestSalahConfig" name="test_get_seeded_config" time="0.148" /><testcase classname="backend.tests.backend_test.TestSalahConfig" name="test_create_config_upsert" time="0.466" /><testcase classname="backend.tests.backend_test.TestGenerateSalah" name="test_generate" time="0.151" /><testcase classname="backend.tests.backend_test.TestGenerateSalah" name="test_generate_missing_config" time="0.146" /><testcase classname="backend.tests.backend_test.TestExports" name="test_export_csv" time="0.124" /><testcase classname="backend.tests.backend_test.TestExports" name="test_export_excel" time="0.160" /><testcase classname="backend.tests.backend_test.TestExports" name="test_export_pdf" time="0.112" /></testsuite></testsuites>